app/build/intermediates/manifest_merge_blame_file/release/processReleaseMainManifest/manifest-merger-blame-release-report.txt
1<?xml version="1.0" encoding="utf-8"?>
2<manifest xmlns:android="http://schemas.android.com/apk/res/android"
3    package="br.edu.fatecgru.Eventos"
4    android:versionCode="1"
5    android:versionName="1.0" >
6
7    <uses-sdk
8        android:minSdkVersion="24"
9        android:targetSdkVersion="36" />
10
11    <uses-permission android:name="android.permission.INTERNET" />
11-->src\main\AndroidManifest.xml:5:5-67
11-->src\main\AndroidManifest.xml:5:22-64
12    <uses-permission android:name="android.permission.ACCESS_NETWORK_STATE" />
12-->src\main\AndroidManifest.xml:6:5-79
12-->src\main\AndroidManifest.xml:6:22-76
13    <uses-permission
13-->src\main\AndroidManifest.xml:7:5-95
14        android:name="android.permission.BLUETOOTH"
14-->src\main\AndroidManifest.xml:7:22-65
15        android:maxSdkVersion="30" />
15-->src\main\AndroidManifest.xml:7:66-92
16    <uses-permission
16-->src\main\AndroidManifest.xml:8:5-101
17        android:name="android.permission.BLUETOOTH_ADMIN"
17-->src\main\AndroidManifest.xml:8:22-71
18        android:maxSdkVersion="30" />
18-->src\main\AndroidManifest.xml:8:72-98
19    <uses-permission android:name="android.permission.BLUETOOTH_SCAN" />
19-->src\main\AndroidManifest.xml:9:5-73
19-->src\main\AndroidManifest.xml:9:22-70
20    <uses-permission android:name="android.permission.BLUETOOTH_CONNECT" />
20-->src\main\AndroidManifest.xml:10:5-76
20-->src\main\AndroidManifest.xml:10:22-73
21    <uses-permission android:name="android.permission.CAMERA" />
21-->src\main\AndroidManifest.xml:11:5-65
21-->src\main\AndroidManifest.xml:11:22-62
22    <uses-permission android:name="android.permission.WAKE_LOCK" />
22-->[com.google.android.gms:play-services-measurement:22.0.2] AndroidManifest.xml:25:5-68
22-->[com.google.android.gms:play-services-measurement:22.0.2] AndroidManifest.xml:25:22-65
23    <uses-permission android:name="com.google.android.finsky.permission.BIND_GET_INSTALL_REFERRER_SERVICE" />
23-->[com.google.android.gms:play-services-measurement:22.0.2] AndroidManifest.xml:26:5-110
23-->[com.google.android.gms:play-services-measurement:22.0.2] AndroidManifest.xml:26:22-107
24    <uses-permission android:name="com.google.android.gms.permission.AD_ID" />
24-->[com.google.android.gms:play-services-measurement-api:22.0.2] AndroidManifest.xml:25:5-79
24-->[com.google.android.gms:play-services-measurement-api:22.0.2] AndroidManifest.xml:25:22-76
25    <uses-permission android:name="android.permission.ACCESS_ADSERVICES_ATTRIBUTION" />
25-->[com.google.android.gms:play-services-measurement-api:22.0.2] AndroidManifest.xml:26:5-88
25-->[com.google.android.gms:play-services-measurement-api:22.0.2] AndroidManifest.xml:26:22-85
26    <uses-permission android:name="android.permission.ACCESS_ADSERVICES_AD_ID" />
26-->[com.google.android.gms:play-services-measurement-api:22.0.2] AndroidManifest.xml:27:5-82
26-->[com.google.android.gms:play-services-measurement-api:22.0.2] AndroidManifest.xml:27:22-79
27    <uses-permission android:name="com.google.android.providers.gsf.permission.READ_GSERVICES" />
27-->[com.google.android.recaptcha:recaptcha:18.4.0] AndroidManifest.xml:9:5-98
27-->[com.google.android.recaptcha:recaptcha:18.4.0] AndroidManifest.xml:9:22-95
28
29    <permission
29-->[androidx.core:core:1.13.0] AndroidManifest.xml:22:5-24:47
30        android:name="br.edu.fatecgru.Eventos.DYNAMIC_RECEIVER_NOT_EXPORTED_PERMISSION"
30-->[androidx.core:core:1.13.0] AndroidManifest.xml:23:9-81
31        android:protectionLevel="signature" />
31-->[androidx.core:core:1.13.0] AndroidManifest.xml:24:9-44
32
33    <uses-permission android:name="br.edu.fatecgru.Eventos.DYNAMIC_RECEIVER_NOT_EXPORTED_PERMISSION" /> <!-- Don't require camera, as this requires a rear camera. This allows it to work on the Nexus 7 -->
33-->[androidx.core:core:1.13.0] AndroidManifest.xml:26:5-97
33-->[androidx.core:core:1.13.0] AndroidManifest.xml:26:22-94
34    <uses-feature
34-->[com.journeyapps:zxing-android-embedded:4.3.0] AndroidManifest.xml:25:5-27:36
35        android:name="android.hardware.camera"
35-->[com.journeyapps:zxing-android-embedded:4.3.0] AndroidManifest.xml:26:9-47
36        android:required="false" />
36-->[com.journeyapps:zxing-android-embedded:4.3.0] AndroidManifest.xml:27:9-33
37    <uses-feature
37-->[com.journeyapps:zxing-android-embedded:4.3.0] AndroidManifest.xml:28:5-30:36
38        android:name="android.hardware.camera.front"
38-->[com.journeyapps:zxing-android-embedded:4.3.0] AndroidManifest.xml:29:9-53
39        android:required="false" /> <!-- TODO replace above two with next line after Android 4.2 -->
39-->[com.journeyapps:zxing-android-embedded:4.3.0] AndroidManifest.xml:30:9-33
40    <!-- <uses-feature android:name="android.hardware.camera.any"/> -->
41    <uses-feature
41-->[com.journeyapps:zxing-android-embedded:4.3.0] AndroidManifest.xml:33:5-35:36
42        android:name="android.hardware.camera.autofocus"
42-->[com.journeyapps:zxing-android-embedded:4.3.0] AndroidManifest.xml:34:9-57
43        android:required="false" />
43-->[com.journeyapps:zxing-android-embedded:4.3.0] AndroidManifest.xml:35:9-33
44    <uses-feature
44-->[com.journeyapps:zxing-android-embedded:4.3.0] AndroidManifest.xml:36:5-38:36
45        android:name="android.hardware.camera.flash"
45-->[com.journeyapps:zxing-android-embedded:4.3.0] AndroidManifest.xml:37:9-53
46        android:required="false" />
46-->[com.journeyapps:zxing-android-embedded:4.3.0] AndroidManifest.xml:38:9-33
47    <uses-feature
47-->[com.journeyapps:zxing-android-embedded:4.3.0] AndroidManifest.xml:39:5-41:36
48        android:name="android.hardware.screen.landscape"
48-->[com.journeyapps:zxing-android-embedded:4.3.0] AndroidManifest.xml:40:9-57
49        android:required="false" />
49-->[com.journeyapps:zxing-android-embedded:4.3.0] AndroidManifest.xml:41:9-33
50    <uses-feature
50-->[com.journeyapps:zxing-android-embedded:4.3.0] AndroidManifest.xml:42:5-44:36
51        android:name="android.hardware.wifi"
51-->[com.journeyapps:zxing-android-embedded:4.3.0] AndroidManifest.xml:43:9-45
52        android:required="false" />
52-->[com.journeyapps:zxing-android-embedded:4.3.0] AndroidManifest.xml:44:9-33
53
54    <application
54-->src\main\AndroidManifest.xml:13:5-57:19
55        android:allowBackup="true"
55-->src\main\AndroidManifest.xml:14:9-35
56        android:appComponentFactory="androidx.core.app.CoreComponentFactory"
56-->[androidx.core:core:1.13.0] AndroidManifest.xml:28:18-86
57        android:dataExtractionRules="@xml/data_extraction_rules"
57-->src\main\AndroidManifest.xml:15:9-65
58        android:extractNativeLibs="false"
59        android:fullBackupContent="@xml/backup_rules"
59-->src\main\AndroidManifest.xml:16:9-54
60        android:icon="@mipmap/ic_launcher"
60-->src\main\AndroidManifest.xml:17:9-43
61        android:label="@string/app_name"
61-->src\main\AndroidManifest.xml:18:9-41
62        android:roundIcon="@mipmap/ic_launcher_round"
62-->src\main\AndroidManifest.xml:19:9-54
63        android:supportsRtl="true"
63-->src\main\AndroidManifest.xml:20:9-35
64        android:theme="@style/Theme.GerenciamentoEventos" >
64-->src\main\AndroidManifest.xml:21:9-58
65        <activity
65-->src\main\AndroidManifest.xml:23:9-30:20
66            android:name="br.edu.fatecgru.Eventos.ui.MainActivity"
66-->src\main\AndroidManifest.xml:24:13-44
67            android:exported="true" >
67-->src\main\AndroidManifest.xml:25:13-36
68            <intent-filter>
68-->src\main\AndroidManifest.xml:26:13-29:29
69                <action android:name="android.intent.action.MAIN" />
69-->src\main\AndroidManifest.xml:27:17-69
69-->src\main\AndroidManifest.xml:27:25-66
70
71                <category android:name="android.intent.category.LAUNCHER" />
71-->src\main\AndroidManifest.xml:28:17-77
71-->src\main\AndroidManifest.xml:28:27-74
72            </intent-filter>
73        </activity>
74        <activity
74-->src\main\AndroidManifest.xml:32:9-82
75            android:name="br.edu.fatecgru.Eventos.ui.CadastroActivity"
75-->src\main\AndroidManifest.xml:32:19-54
76            android:exported="false" />
76-->src\main\AndroidManifest.xml:32:55-79
77        <activity
77-->src\main\AndroidManifest.xml:33:9-79
78            android:name="br.edu.fatecgru.Eventos.ui.AdminActivity"
78-->src\main\AndroidManifest.xml:33:19-51
79            android:exported="false" />
79-->src\main\AndroidManifest.xml:33:52-76
80        <activity
80-->src\main\AndroidManifest.xml:34:9-78
81            android:name="br.edu.fatecgru.Eventos.ui.UserActivity"
81-->src\main\AndroidManifest.xml:34:19-50
82            android:exported="false" />
82-->src\main\AndroidManifest.xml:34:51-75
83        <activity
83-->src\main\AndroidManifest.xml:35:9-83
84            android:name="br.edu.fatecgru.Eventos.ui.MeuPerfilActivity"
84-->src\main\AndroidManifest.xml:35:19-55
85            android:exported="false" />
85-->src\main\AndroidManifest.xml:35:56-80
86        <activity
86-->src\main\AndroidManifest.xml:36:9-88
87            android:name="br.edu.fatecgru.Eventos.ui.CadastroEventoActivity"
87-->src\main\AndroidManifest.xml:36:19-60
88            android:exported="false" />
88-->src\main\AndroidManifest.xml:36:61-85
89        <activity
89-->src\main\AndroidManifest.xml:37:9-92
90            android:name="br.edu.fatecgru.Eventos.ui.ListarEventosAdminActivity"
90-->src\main\AndroidManifest.xml:37:19-64
91            android:exported="false" />
91-->src\main\AndroidManifest.xml:37:65-89
92        <activity
92-->src\main\AndroidManifest.xml:38:9-86
93            android:name="br.edu.fatecgru.Eventos.ui.EditarEventoActivity"
93-->src\main\AndroidManifest.xml:38:19-58
94            android:exported="false" />
94-->src\main\AndroidManifest.xml:38:59-83
95        <activity
95-->src\main\AndroidManifest.xml:39:9-85
96            android:name="br.edu.fatecgru.Eventos.ui.ComprovanteActivity"
96-->src\main\AndroidManifest.xml:39:19-57
97            android:exported="false" />
97-->src\main\AndroidManifest.xml:39:58-82
98        <activity
98-->src\main\AndroidManifest.xml:40:9-83
99            android:name="br.edu.fatecgru.Eventos.ui.HistoricoActivity"
99-->src\main\AndroidManifest.xml:40:19-55
100            android:exported="false" />
100-->src\main\AndroidManifest.xml:40:56-80
101        <activity
101-->src\main\AndroidManifest.xml:41:9-90
102            android:name="br.edu.fatecgru.Eventos.ui.ViewParticipantsActivity"
102-->src\main\AndroidManifest.xml:41:19-62
103            android:exported="false" />
103-->src\main\AndroidManifest.xml:41:63-87
104        <activity
104-->src\main\AndroidManifest.xml:42:9-91
105            android:name="br.edu.fatecgru.Eventos.ui.EventParticipantsActivity"
105-->src\main\AndroidManifest.xml:42:19-63
106            android:exported="false" />
106-->src\main\AndroidManifest.xml:42:64-88
107        <activity
107-->src\main\AndroidManifest.xml:43:9-92
108            android:name="br.edu.fatecgru.Eventos.ui.ParticipantHistoryActivity"
108-->src\main\AndroidManifest.xml:43:19-64
109            android:exported="false" />
109-->src\main\AndroidManifest.xml:43:65-89
110        <activity
110-->src\main\AndroidManifest.xml:44:9-85
111            android:name="br.edu.fatecgru.Eventos.ui.MeusEventosActivity"
111-->src\main\AndroidManifest.xml:44:19-57
112            android:exported="false" />
112-->src\main\AndroidManifest.xml:44:58-82
113        <activity
113-->src\main\AndroidManifest.xml:45:9-84
114            android:name="br.edu.fatecgru.Eventos.ui.UserQRCodeActivity"
114-->src\main\AndroidManifest.xml:45:19-56
115            android:exported="false" />
115-->src\main\AndroidManifest.xml:45:57-81
116        <activity
116-->src\main\AndroidManifest.xml:46:9-91
117            android:name="br.edu.fatecgru.Eventos.ui.ParticipantQRCodeActivity"
117-->src\main\AndroidManifest.xml:46:19-63
118            android:exported="false" />
118-->src\main\AndroidManifest.xml:46:64-88
119        <activity
119-->src\main\AndroidManifest.xml:47:9-85
120            android:name="br.edu.fatecgru.Eventos.ui.EventQRCodeActivity"
120-->src\main\AndroidManifest.xml:47:19-57
121            android:exported="false" />
121-->src\main\AndroidManifest.xml:47:58-82
122        <activity
122-->src\main\AndroidManifest.xml:48:9-87
123            android:name="br.edu.fatecgru.Eventos.ui.GerarPresencaActivity"
123-->src\main\AndroidManifest.xml:48:19-59
124            android:exported="false" />
124-->src\main\AndroidManifest.xml:48:60-84
125        <activity
125-->src\main\AndroidManifest.xml:50:9-55:63
126            android:name="br.edu.fatecgru.Eventos.ui.CaptureActivityPortrait"
126-->src\main\AndroidManifest.xml:51:13-55
127            android:screenOrientation="portrait"
127-->src\main\AndroidManifest.xml:52:13-49
128            android:stateNotNeeded="true"
128-->src\main\AndroidManifest.xml:53:13-42
129            android:theme="@style/zxing_CaptureTheme"
129-->src\main\AndroidManifest.xml:54:13-54
130            android:windowSoftInputMode="stateAlwaysHidden" />
130-->src\main\AndroidManifest.xml:55:13-60
131        <activity
131-->[com.google.firebase:firebase-auth:23.0.0] AndroidManifest.xml:29:9-46:20
132            android:name="com.google.firebase.auth.internal.GenericIdpActivity"
132-->[com.google.firebase:firebase-auth:23.0.0] AndroidManifest.xml:30:13-80
133            android:excludeFromRecents="true"
133-->[com.google.firebase:firebase-auth:23.0.0] AndroidManifest.xml:31:13-46
134            android:exported="true"
134-->[com.google.firebase:firebase-auth:23.0.0] AndroidManifest.xml:32:13-36
135            android:launchMode="singleTask"
135-->[com.google.firebase:firebase-auth:23.0.0] AndroidManifest.xml:33:13-44
136            android:theme="@android:style/Theme.Translucent.NoTitleBar" >
136-->[com.google.firebase:firebase-auth:23.0.0] AndroidManifest.xml:34:13-72
137            <intent-filter>
137-->[com.google.firebase:firebase-auth:23.0.0] AndroidManifest.xml:35:13-45:29
138                <action android:name="android.intent.action.VIEW" />
138-->[com.google.firebase:firebase-auth:23.0.0] AndroidManifest.xml:36:17-69
138-->[com.google.firebase:firebase-auth:23.0.0] AndroidManifest.xml:36:25-66
139
140                <category android:name="android.intent.category.DEFAULT" />
140-->[com.google.firebase:firebase-auth:23.0.0] AndroidManifest.xml:38:17-76
140-->[com.google.firebase:firebase-auth:23.0.0] AndroidManifest.xml:38:27-73
141                <category android:name="android.intent.category.BROWSABLE" />
141-->[com.google.firebase:firebase-auth:23.0.0] AndroidManifest.xml:39:17-78
141-->[com.google.firebase:firebase-auth:23.0.0] AndroidManifest.xml:39:27-75
142
143                <data
143-->[com.google.firebase:firebase-auth:23.0.0] AndroidManifest.xml:41:17-44:51
144                    android:host="firebase.auth"
144-->[com.google.firebase:firebase-auth:23.0.0] AndroidManifest.xml:42:21-49
145                    android:path="/"
145-->[com.google.firebase:firebase-auth:23.0.0] AndroidManifest.xml:43:21-37
146                    android:scheme="genericidp" />
146-->[com.google.firebase:firebase-auth:23.0.0] AndroidManifest.xml:44:21-48
147            </intent-filter>
148        </activity>
149        <activity
149-->[com.google.firebase:firebase-auth:23.0.0] AndroidManifest.xml:47:9-64:20
150            android:name="com.google.firebase.auth.internal.RecaptchaActivity"
150-->[com.google.firebase:firebase-auth:23.0.0] AndroidManifest.xml:48:13-79
151            android:excludeFromRecents="true"
151-->[com.google.firebase:firebase-auth:23.0.0] AndroidManifest.xml:49:13-46
152            android:exported="true"
152-->[com.google.firebase:firebase-auth:23.0.0] AndroidManifest.xml:50:13-36
153            android:launchMode="singleTask"
153-->[com.google.firebase:firebase-auth:23.0.0] AndroidManifest.xml:51:13-44
154            android:theme="@android:style/Theme.Translucent.NoTitleBar" >
154-->[com.google.firebase:firebase-auth:23.0.0] AndroidManifest.xml:52:13-72
155            <intent-filter>
155-->[com.google.firebase:firebase-auth:23.0.0] AndroidManifest.xml:53:13-63:29
156                <action android:name="android.intent.action.VIEW" />
156-->[com.google.firebase:firebase-auth:23.0.0] AndroidManifest.xml:36:17-69
156-->[com.google.firebase:firebase-auth:23.0.0] AndroidManifest.xml:36:25-66
157
158                <category android:name="android.intent.category.DEFAULT" />
158-->[com.google.firebase:firebase-auth:23.0.0] AndroidManifest.xml:38:17-76
158-->[com.google.firebase:firebase-auth:23.0.0] AndroidManifest.xml:38:27-73
159                <category android:name="android.intent.category.BROWSABLE" />
159-->[com.google.firebase:firebase-auth:23.0.0] AndroidManifest.xml:39:17-78
159-->[com.google.firebase:firebase-auth:23.0.0] AndroidManifest.xml:39:27-75
160
161                <data
161-->[com.google.firebase:firebase-auth:23.0.0] AndroidManifest.xml:41:17-44:51
162                    android:host="firebase.auth"
162-->[com.google.firebase:firebase-auth:23.0.0] AndroidManifest.xml:42:21-49
163                    android:path="/"
163-->[com.google.firebase:firebase-auth:23.0.0] AndroidManifest.xml:43:21-37
164                    android:scheme="recaptcha" />
164-->[com.google.firebase:firebase-auth:23.0.0] AndroidManifest.xml:44:21-48
165            </intent-filter>
166        </activity>
167
168        <service
168-->[com.google.firebase:firebase-auth:23.0.0] AndroidManifest.xml:66:9-72:19
169            android:name="com.google.firebase.components.ComponentDiscoveryService"
169-->[com.google.firebase:firebase-auth:23.0.0] AndroidManifest.xml:67:13-84
170            android:directBootAware="true"
170-->[com.google.firebase:firebase-common:21.0.0] AndroidManifest.xml:32:13-43
171            android:exported="false" >
171-->[com.google.firebase:firebase-auth:23.0.0] AndroidManifest.xml:68:13-37
172            <meta-data
172-->[com.google.firebase:firebase-auth:23.0.0] AndroidManifest.xml:69:13-71:85
173                android:name="com.google.firebase.components:com.google.firebase.auth.FirebaseAuthRegistrar"
173-->[com.google.firebase:firebase-auth:23.0.0] AndroidManifest.xml:70:17-109
174                android:value="com.google.firebase.components.ComponentRegistrar" />
174-->[com.google.firebase:firebase-auth:23.0.0] AndroidManifest.xml:71:17-82
175            <meta-data
175-->[com.google.firebase:firebase-firestore:25.0.0] AndroidManifest.xml:17:13-19:85
176                android:name="com.google.firebase.components:com.google.firebase.firestore.FirebaseFirestoreKtxRegistrar"
176-->[com.google.firebase:firebase-firestore:25.0.0] AndroidManifest.xml:18:17-122
177                android:value="com.google.firebase.components.ComponentRegistrar" />
177-->[com.google.firebase:firebase-firestore:25.0.0] AndroidManifest.xml:19:17-82
178            <meta-data
178-->[com.google.firebase:firebase-firestore:25.0.0] AndroidManifest.xml:20:13-22:85
179                android:name="com.google.firebase.components:com.google.firebase.firestore.FirestoreRegistrar"
179-->[com.google.firebase:firebase-firestore:25.0.0] AndroidManifest.xml:21:17-111
180                android:value="com.google.firebase.components.ComponentRegistrar" />
180-->[com.google.firebase:firebase-firestore:25.0.0] AndroidManifest.xml:22:17-82
181            <meta-data
181-->[com.google.android.gms:play-services-measurement-api:22.0.2] AndroidManifest.xml:37:13-39:85
182                android:name="com.google.firebase.components:com.google.firebase.analytics.connector.internal.AnalyticsConnectorRegistrar"
182-->[com.google.android.gms:play-services-measurement-api:22.0.2] AndroidManifest.xml:38:17-139
183                android:value="com.google.firebase.components.ComponentRegistrar" />
183-->[com.google.android.gms:play-services-measurement-api:22.0.2] AndroidManifest.xml:39:17-82
184            <meta-data
184-->[com.google.firebase:firebase-installations:18.0.0] AndroidManifest.xml:15:13-17:85
185                android:name="com.google.firebase.components:com.google.firebase.installations.FirebaseInstallationsKtxRegistrar"
185-->[com.google.firebase:firebase-installations:18.0.0] AndroidManifest.xml:16:17-130
186                android:value="com.google.firebase.components.ComponentRegistrar" />
186-->[com.google.firebase:firebase-installations:18.0.0] AndroidManifest.xml:17:17-82
187            <meta-data
187-->[com.google.firebase:firebase-installations:18.0.0] AndroidManifest.xml:18:13-20:85
188                android:name="com.google.firebase.components:com.google.firebase.installations.FirebaseInstallationsRegistrar"
188-->[com.google.firebase:firebase-installations:18.0.0] AndroidManifest.xml:19:17-127
189                android:value="com.google.firebase.components.ComponentRegistrar" />
189-->[com.google.firebase:firebase-installations:18.0.0] AndroidManifest.xml:20:17-82
190            <meta-data
190-->[com.google.firebase:firebase-common-ktx:21.0.0] AndroidManifest.xml:12:13-14:85
191                android:name="com.google.firebase.components:com.google.firebase.ktx.FirebaseCommonLegacyRegistrar"
191-->[com.google.firebase:firebase-common-ktx:21.0.0] AndroidManifest.xml:13:17-116
192                android:value="com.google.firebase.components.ComponentRegistrar" />
192-->[com.google.firebase:firebase-common-ktx:21.0.0] AndroidManifest.xml:14:17-82
193            <meta-data
193-->[com.google.firebase:firebase-common:21.0.0] AndroidManifest.xml:35:13-37:85
194                android:name="com.google.firebase.components:com.google.firebase.FirebaseCommonKtxRegistrar"
194-->[com.google.firebase:firebase-common:21.0.0] AndroidManifest.xml:36:17-109
195                android:value="com.google.firebase.components.ComponentRegistrar" />
195-->[com.google.firebase:firebase-common:21.0.0] AndroidManifest.xml:37:17-82
196        </service>
197        <service
197-->[androidx.credentials:credentials-play-services-auth:1.2.0-rc01] AndroidManifest.xml:24:9-32:19
198            android:name="androidx.credentials.playservices.CredentialProviderMetadataHolder"
198-->[androidx.credentials:credentials-play-services-auth:1.2.0-rc01] AndroidManifest.xml:25:13-94
199            android:enabled="true"
199-->[androidx.credentials:credentials-play-services-auth:1.2.0-rc01] AndroidManifest.xml:26:13-35
200            android:exported="false" >
200-->[androidx.credentials:credentials-play-services-auth:1.2.0-rc01] AndroidManifest.xml:27:13-37
201            <meta-data
201-->[androidx.credentials:credentials-play-services-auth:1.2.0-rc01] AndroidManifest.xml:29:13-31:104
202                android:name="androidx.credentials.CREDENTIAL_PROVIDER_KEY"
202-->[androidx.credentials:credentials-play-services-auth:1.2.0-rc01] AndroidManifest.xml:30:17-76
203                android:value="androidx.credentials.playservices.CredentialProviderPlayServicesImpl" />
203-->[androidx.credentials:credentials-play-services-auth:1.2.0-rc01] AndroidManifest.xml:31:17-101
204        </service>
205
206        <activity
206-->[androidx.credentials:credentials-play-services-auth:1.2.0-rc01] AndroidManifest.xml:34:9-41:20
207            android:name="androidx.credentials.playservices.HiddenActivity"
207-->[androidx.credentials:credentials-play-services-auth:1.2.0-rc01] AndroidManifest.xml:35:13-76
208            android:configChanges="orientation|screenSize|screenLayout|keyboardHidden"
208-->[androidx.credentials:credentials-play-services-auth:1.2.0-rc01] AndroidManifest.xml:36:13-87
209            android:enabled="true"
209-->[androidx.credentials:credentials-play-services-auth:1.2.0-rc01] AndroidManifest.xml:37:13-35
210            android:exported="false"
210-->[androidx.credentials:credentials-play-services-auth:1.2.0-rc01] AndroidManifest.xml:38:13-37
211            android:fitsSystemWindows="true"
211-->[androidx.credentials:credentials-play-services-auth:1.2.0-rc01] AndroidManifest.xml:39:13-45
212            android:theme="@style/Theme.Hidden" >
212-->[androidx.credentials:credentials-play-services-auth:1.2.0-rc01] AndroidManifest.xml:40:13-48
213        </activity>
214        <activity
214-->[com.google.android.gms:play-services-auth:21.2.0] AndroidManifest.xml:23:9-27:75
215            android:name="com.google.android.gms.auth.api.signin.internal.SignInHubActivity"
215-->[com.google.android.gms:play-services-auth:21.2.0] AndroidManifest.xml:24:13-93
216            android:excludeFromRecents="true"
216-->[com.google.android.gms:play-services-auth:21.2.0] AndroidManifest.xml:25:13-46
217            android:exported="false"
217-->[com.google.android.gms:play-services-auth:21.2.0] AndroidManifest.xml:26:13-37
218            android:theme="@android:style/Theme.Translucent.NoTitleBar" />
218-->[com.google.android.gms:play-services-auth:21.2.0] AndroidManifest.xml:27:13-72
219        <!--
220            Service handling Google Sign-In user revocation. For apps that do not integrate with
221            Google Sign-In, this service will never be started.
222        -->
223        <service
223-->[com.google.android.gms:play-services-auth:21.2.0] AndroidManifest.xml:33:9-37:51
224            android:name="com.google.android.gms.auth.api.signin.RevocationBoundService"
224-->[com.google.android.gms:play-services-auth:21.2.0] AndroidManifest.xml:34:13-89
225            android:exported="true"
225-->[com.google.android.gms:play-services-auth:21.2.0] AndroidManifest.xml:35:13-36
226            android:permission="com.google.android.gms.auth.api.signin.permission.REVOCATION_NOTIFICATION"
226-->[com.google.android.gms:play-services-auth:21.2.0] AndroidManifest.xml:36:13-107
227            android:visibleToInstantApps="true" />
227-->[com.google.android.gms:play-services-auth:21.2.0] AndroidManifest.xml:37:13-48
228
229        <activity
229-->[com.google.android.gms:play-services-base:18.3.0] AndroidManifest.xml:20:9-22:45
230            android:name="com.google.android.gms.common.api.GoogleApiActivity"
230-->[com.google.android.gms:play-services-base:18.3.0] AndroidManifest.xml:20:19-85
231            android:exported="false"
231-->[com.google.android.gms:play-services-base:18.3.0] AndroidManifest.xml:22:19-43
232            android:theme="@android:style/Theme.Translucent.NoTitleBar" />
232-->[com.google.android.gms:play-services-base:18.3.0] AndroidManifest.xml:21:19-78
233
234        <receiver
234-->[com.google.android.gms:play-services-measurement:22.0.2] AndroidManifest.xml:29:9-33:20
235            android:name="com.google.android.gms.measurement.AppMeasurementReceiver"
235-->[com.google.android.gms:play-services-measurement:22.0.2] AndroidManifest.xml:30:13-85
236            android:enabled="true"
236-->[com.google.android.gms:play-services-measurement:22.0.2] AndroidManifest.xml:31:13-35
237            android:exported="false" >
237-->[com.google.android.gms:play-services-measurement:22.0.2] AndroidManifest.xml:32:13-37
238        </receiver>
239
240        <service
240-->[com.google.android.gms:play-services-measurement:22.0.2] AndroidManifest.xml:35:9-38:40
241            android:name="com.google.android.gms.measurement.AppMeasurementService"
241-->[com.google.android.gms:play-services-measurement:22.0.2] AndroidManifest.xml:36:13-84
242            android:enabled="true"
242-->[com.google.android.gms:play-services-measurement:22.0.2] AndroidManifest.xml:37:13-35
243            android:exported="false" />
243-->[com.google.android.gms:play-services-measurement:22.0.2] AndroidManifest.xml:38:13-37
244        <service
244-->[com.google.android.gms:play-services-measurement:22.0.2] AndroidManifest.xml:39:9-43:72
245            android:name="com.google.android.gms.measurement.AppMeasurementJobService"
245-->[com.google.android.gms:play-services-measurement:22.0.2] AndroidManifest.xml:40:13-87
246            android:enabled="true"
246-->[com.google.android.gms:play-services-measurement:22.0.2] AndroidManifest.xml:41:13-35
247            android:exported="false"
247-->[com.google.android.gms:play-services-measurement:22.0.2] AndroidManifest.xml:42:13-37
248            android:permission="android.permission.BIND_JOB_SERVICE" />
248-->[com.google.android.gms:play-services-measurement:22.0.2] AndroidManifest.xml:43:13-69
249
250        <property
250-->[com.google.android.gms:play-services-measurement-api:22.0.2] AndroidManifest.xml:30:9-32:61
251            android:name="android.adservices.AD_SERVICES_CONFIG"
251-->[com.google.android.gms:play-services-measurement-api:22.0.2] AndroidManifest.xml:31:13-65
252            android:resource="@xml/ga_ad_services_config" />
252-->[com.google.android.gms:play-services-measurement-api:22.0.2] AndroidManifest.xml:32:13-58
253
254        <provider
254-->[com.google.firebase:firebase-common:21.0.0] AndroidManifest.xml:23:9-28:39
255            android:name="com.google.firebase.provider.FirebaseInitProvider"
255-->[com.google.firebase:firebase-common:21.0.0] AndroidManifest.xml:24:13-77
256            android:authorities="br.edu.fatecgru.Eventos.firebaseinitprovider"
256-->[com.google.firebase:firebase-common:21.0.0] AndroidManifest.xml:25:13-72
257            android:directBootAware="true"
257-->[com.google.firebase:firebase-common:21.0.0] AndroidManifest.xml:26:13-43
258            android:exported="false"
258-->[com.google.firebase:firebase-common:21.0.0] AndroidManifest.xml:27:13-37
259            android:initOrder="100" />
259-->[com.google.firebase:firebase-common:21.0.0] AndroidManifest.xml:28:13-36
260
261        <uses-library
261-->[androidx.privacysandbox.ads:ads-adservices:1.0.0-beta05] AndroidManifest.xml:23:9-25:40
262            android:name="android.ext.adservices"
262-->[androidx.privacysandbox.ads:ads-adservices:1.0.0-beta05] AndroidManifest.xml:24:13-50
263            android:required="false" />
263-->[androidx.privacysandbox.ads:ads-adservices:1.0.0-beta05] AndroidManifest.xml:25:13-37
264
265        <provider
265-->[androidx.emoji2:emoji2:1.3.0] AndroidManifest.xml:24:9-32:20